[16:22:02] [ServerMain/INFO]: [bootstrap] Running Java 21 (OpenJDK 64-Bit Server VM 21.0.3+9-LTS; Amazon.com Inc. Corretto-21.0.3.9.1) on Mac OS X 15.3.1 (aarch64)
[16:22:02] [ServerMain/INFO]: [bootstrap] Loading Paper 1.21.4-138-main@5395ae3 (2025-02-02T21:42:11Z) for Minecraft 1.21.4
[16:22:03] [ServerMain/INFO]: [PluginInitializerManager] Initializing plugins...
[16:22:03] [ServerMain/INFO]: [PluginInitializerManager] Initialized 1 plugin
[16:22:03] [ServerMain/INFO]: [PluginInitializerManager] Bukkit plugins (1):
 - ServerStatusPlugin (1.0.0)
[16:22:06] [ServerMain/INFO]: Environment: Environment[sessionHost=https://sessionserver.mojang.com, servicesHost=https://api.minecraftservices.com, name=PROD]
[16:22:06] [ServerMain/INFO]: Found new data pack paper, loading it automatically
[16:22:07] [ServerMain/INFO]: Loaded 1370 recipes
[16:22:07] [ServerMain/INFO]: Loaded 1481 advancements
[16:22:07] [ServerMain/INFO]: [MCTypeRegistry] Initialising converters for DataConverter...
[16:22:07] [ServerMain/INFO]: [MCTypeRegistry] Finished initialising converters for DataConverter in 124.3ms
[16:22:08] [Server thread/INFO]: Starting minecraft server version 1.21.4
[16:22:08] [Server thread/INFO]: Loading properties
[16:22:08] [Server thread/INFO]: This server is running Paper version 1.21.4-138-main@5395ae3 (2025-02-02T21:42:11Z) (Implementing API version 1.21.4-R0.1-SNAPSHOT)
[16:22:08] [Server thread/INFO]: [spark] This server bundles the spark profiler. For more information please visit https://docs.papermc.io/paper/profiling
[16:22:08] [Server thread/INFO]: Server Ping Player Sample Count: 12
[16:22:08] [Server thread/INFO]: Using 4 threads for Netty based IO
[16:22:09] [Server thread/INFO]: [MoonriseCommon] Paper is using 2 worker threads, 1 I/O threads
[16:22:09] [Server thread/INFO]: [ChunkTaskScheduler] Chunk system is using population gen parallelism: true
[16:22:09] [Server thread/INFO]: Default game type: SURVIVAL
[16:22:09] [Server thread/INFO]: Generating keypair
[16:22:09] [Server thread/INFO]: Starting Minecraft server on *:25565
[16:22:09] [Server thread/INFO]: Using default channel type
[16:22:09] [Server thread/INFO]: Paper: Using libdeflate (macOS ARM64 / Apple Silicon) compression from Velocity.
[16:22:09] [Server thread/INFO]: Paper: Using native (macOS ARM64 / Apple Silicon) cipher from Velocity.
[16:22:09] [Server thread/INFO]: [ServerStatusPlugin] Loading server plugin ServerStatusPlugin v1.0.0
[16:22:09] [Server thread/INFO]: Server permissions file permissions.yml is empty, ignoring it
[16:22:09] [Server thread/INFO]: Preparing level "world"
[16:22:10] [Server thread/INFO]: Preparing start region for dimension minecraft:overworld
[16:22:10] [Server thread/INFO]: Preparing spawn area: 0%
[16:22:10] [Server thread/INFO]: Preparing spawn area: 14%
[16:22:10] [Server thread/INFO]: Time elapsed: 655 ms
[16:22:10] [Server thread/INFO]: Preparing start region for dimension minecraft:the_nether
[16:22:10] [Server thread/INFO]: Preparing spawn area: 0%
[16:22:10] [Server thread/INFO]: Time elapsed: 77 ms
[16:22:10] [Server thread/INFO]: Preparing start region for dimension minecraft:the_end
[16:22:10] [Server thread/INFO]: Preparing spawn area: 0%
[16:22:10] [Server thread/INFO]: Time elapsed: 57 ms
[16:22:10] [Server thread/INFO]: [ServerStatusPlugin] Enabling ServerStatusPlugin v1.0.0
[16:22:11] [Server thread/INFO]: [ServerStatusPlugin] 필요한 데이터베이스 테이블이 생성되었습니다.
[16:22:11] [Server thread/INFO]: [ServerStatusPlugin] 데이터베이스에 성공적으로 연결되었습니다.
[16:22:11] [Server thread/INFO]: [ServerStatusPlugin] ServerStatusPlugin이 성공적으로 활성화되었습니다.
[16:22:11] [Server thread/INFO]: [spark] Starting background profiler...
[16:22:14] [Server thread/INFO]: Done preparing level "world" (4.558s)
[16:22:14] [Server thread/INFO]: Starting remote control listener
[16:22:14] [Server thread/INFO]: Thread RCON Listener started
[16:22:14] [Server thread/INFO]: RCON running on 0.0.0.0:25575
[16:22:14] [Server thread/INFO]: Running delayed init tasks
[16:22:14] [Server thread/INFO]: Done (12.232s)! For help, type "help"
[16:22:17] [User Authenticator #0/INFO]: UUID of player Bico_ is 6142d14b-9b65-4085-9636-b6f67c23a988
[16:22:17] [Server thread/INFO]: Bico_ joined the game
[16:22:17] [Server thread/INFO]: Bico_[/127.0.0.1:58040] logged in with entity id 38 at ([world]-130.9532478268908, 71.0, 22.29770001587191)
[16:22:19] [Async Chat Thread - #1/INFO]: <Bico_> -
[16:22:20] [Async Chat Thread - #1/INFO]: <Bico_> ㅅ0
[16:22:20] [Async Chat Thread - #1/INFO]: <Bico_> ㅅ0
[16:22:22] [Async Chat Thread - #1/INFO]: <Bico_> ㅅ9
